c:\users\joris\documents\github\findetkevin_opengl\findetkevin\sdl2_spiel\x64\debug\vc142.pdb
c:\users\joris\documents\github\findetkevin_opengl\findetkevin\sdl2_spiel\x64\debug\vc142.idb
c:\users\joris\documents\github\findetkevin_opengl\findetkevin\sdl2_spiel\x64\debug\quelle.obj
c:\users\joris\documents\github\findetkevin_opengl\findetkevin\sdl2_spiel\x64\debug\ikplayer.obj
c:\users\joris\documents\github\findetkevin_opengl\findetkevin\sdl2_spiel\x64\debug\ikmap.obj
c:\users\joris\documents\github\findetkevin_opengl\findetkevin\sdl2_spiel\x64\debug\ikgamelogic.obj
c:\users\joris\documents\github\findetkevin_opengl\findetkevin\sdl2_spiel\x64\debug\csavefile.obj
c:\users\joris\documents\github\findetkevin_opengl\findetkevin\sdl2_spiel\x64\debug\cplayer.obj
c:\users\joris\documents\github\findetkevin_opengl\findetkevin\sdl2_spiel\x64\debug\cmapentity.obj
c:\users\joris\documents\github\findetkevin_opengl\findetkevin\sdl2_spiel\x64\debug\cmap.obj
c:\users\joris\documents\github\findetkevin_opengl\findetkevin\sdl2_spiel\x64\debug\cgamemaster.obj
c:\users\joris\documents\github\findetkevin_opengl\findetkevin\sdl2_spiel\x64\debug\centity.obj
c:\users\joris\documents\github\findetkevin_opengl\findetkevin\sdl2_spiel\x64\debug\cenemy.obj
c:\users\joris\documents\github\findetkevin_opengl\findetkevin\sdl2_spiel\x64\debug\cnpc.obj
c:\users\joris\documents\github\findetkevin_opengl\findetkevin\sdl2_spiel\x64\debug\ikrenderlayer.obj
c:\users\joris\documents\github\findetkevin_opengl\findetkevin\sdl2_spiel\x64\debug\collider.obj
c:\users\joris\documents\github\findetkevin_opengl\findetkevin\x64\debug\sdl2_spiel.pdb
c:\users\joris\documents\github\findetkevin_opengl\findetkevin\x64\debug\sdl2_spiel.ilk
c:\users\joris\documents\github\findetkevin_opengl\findetkevin\sdl2_spiel\x64\debug\sdl2_spiel.tlog\cl.command.1.tlog
c:\users\joris\documents\github\findetkevin_opengl\findetkevin\sdl2_spiel\x64\debug\sdl2_spiel.tlog\cl.read.1.tlog
c:\users\joris\documents\github\findetkevin_opengl\findetkevin\sdl2_spiel\x64\debug\sdl2_spiel.tlog\cl.write.1.tlog
c:\users\joris\documents\github\findetkevin_opengl\findetkevin\sdl2_spiel\x64\debug\sdl2_spiel.tlog\link-cvtres.read.1.tlog
c:\users\joris\documents\github\findetkevin_opengl\findetkevin\sdl2_spiel\x64\debug\sdl2_spiel.tlog\link-cvtres.write.1.tlog
c:\users\joris\documents\github\findetkevin_opengl\findetkevin\sdl2_spiel\x64\debug\sdl2_spiel.tlog\link-rc.read.1.tlog
c:\users\joris\documents\github\findetkevin_opengl\findetkevin\sdl2_spiel\x64\debug\sdl2_spiel.tlog\link-rc.write.1.tlog
c:\users\joris\documents\github\findetkevin_opengl\findetkevin\sdl2_spiel\x64\debug\sdl2_spiel.tlog\link.18124-cvtres.read.1.tlog
c:\users\joris\documents\github\findetkevin_opengl\findetkevin\sdl2_spiel\x64\debug\sdl2_spiel.tlog\link.18124-cvtres.write.1.tlog
c:\users\joris\documents\github\findetkevin_opengl\findetkevin\sdl2_spiel\x64\debug\sdl2_spiel.tlog\link.18124-rc.read.1.tlog
c:\users\joris\documents\github\findetkevin_opengl\findetkevin\sdl2_spiel\x64\debug\sdl2_spiel.tlog\link.18124-rc.write.1.tlog
c:\users\joris\documents\github\findetkevin_opengl\findetkevin\sdl2_spiel\x64\debug\sdl2_spiel.tlog\link.18124.read.1.tlog
c:\users\joris\documents\github\findetkevin_opengl\findetkevin\sdl2_spiel\x64\debug\sdl2_spiel.tlog\link.18124.write.1.tlog
c:\users\joris\documents\github\findetkevin_opengl\findetkevin\sdl2_spiel\x64\debug\sdl2_spiel.tlog\link.command.1.tlog
c:\users\joris\documents\github\findetkevin_opengl\findetkevin\sdl2_spiel\x64\debug\sdl2_spiel.tlog\link.read.1.tlog
c:\users\joris\documents\github\findetkevin_opengl\findetkevin\sdl2_spiel\x64\debug\sdl2_spiel.tlog\link.write.1.tlog
