  CBuch.cpp
C:\workspaces\GitHub repos\FindetKevin_OpenGl\findetKevin\SDL2_Spiel\Projectile.h(39,1): warning C4244: '+=': conversion from 'const float' to 'int', possible loss of data
C:\workspaces\GitHub repos\FindetKevin_OpenGl\findetKevin\SDL2_Spiel\Projectile.h(40,1): warning C4244: '-=': conversion from 'const float' to 'int', possible loss of data
  CCoin.cpp
C:\workspaces\GitHub repos\FindetKevin_OpenGl\findetKevin\SDL2_Spiel\Projectile.h(39,1): warning C4244: '+=': conversion from 'const float' to 'int', possible loss of data
C:\workspaces\GitHub repos\FindetKevin_OpenGl\findetKevin\SDL2_Spiel\Projectile.h(40,1): warning C4244: '-=': conversion from 'const float' to 'int', possible loss of data
  CEnemy.cpp
C:\workspaces\GitHub repos\FindetKevin_OpenGl\findetKevin\SDL2_Spiel\Projectile.h(39,1): warning C4244: '+=': conversion from 'const float' to 'int', possible loss of data
C:\workspaces\GitHub repos\FindetKevin_OpenGl\findetKevin\SDL2_Spiel\Projectile.h(40,1): warning C4244: '-=': conversion from 'const float' to 'int', possible loss of data
C:\workspaces\GitHub repos\FindetKevin_OpenGl\findetKevin\SDL2_Spiel\CEnemy.cpp(96,80): warning C4244: 'argument': conversion from 'int' to 'float', possible loss of data
C:\workspaces\GitHub repos\FindetKevin_OpenGl\findetKevin\SDL2_Spiel\CEnemy.cpp(96,39): warning C4244: 'argument': conversion from 'int' to 'float', possible loss of data
C:\workspaces\GitHub repos\FindetKevin_OpenGl\findetKevin\SDL2_Spiel\CEnemy.cpp(97,56): warning C4244: 'argument': conversion from 'int' to 'float', possible loss of data
C:\workspaces\GitHub repos\FindetKevin_OpenGl\findetKevin\SDL2_Spiel\CEnemy.cpp(97,29): warning C4244: 'argument': conversion from 'int' to 'float', possible loss of data
C:\workspaces\GitHub repos\FindetKevin_OpenGl\findetKevin\SDL2_Spiel\CEnemy.cpp(115,62): warning C4244: 'argument': conversion from 'float' to 'int', possible loss of data
C:\workspaces\GitHub repos\FindetKevin_OpenGl\findetKevin\SDL2_Spiel\CEnemy.cpp(115,49): warning C4244: 'argument': conversion from 'float' to 'int', possible loss of data
C:\workspaces\GitHub repos\FindetKevin_OpenGl\findetKevin\SDL2_Spiel\CEnemy.cpp(122,60): warning C4244: 'argument': conversion from 'float' to 'int', possible loss of data
C:\workspaces\GitHub repos\FindetKevin_OpenGl\findetKevin\SDL2_Spiel\CEnemy.cpp(122,47): warning C4244: 'argument': conversion from 'float' to 'int', possible loss of data
C:\workspaces\GitHub repos\FindetKevin_OpenGl\findetKevin\SDL2_Spiel\CEnemy.cpp(132,63): warning C4244: 'argument': conversion from 'float' to 'int', possible loss of data
C:\workspaces\GitHub repos\FindetKevin_OpenGl\findetKevin\SDL2_Spiel\CEnemy.cpp(132,50): warning C4244: 'argument': conversion from 'float' to 'int', possible loss of data
C:\workspaces\GitHub repos\FindetKevin_OpenGl\findetKevin\SDL2_Spiel\CEnemy.cpp(139,62): warning C4244: 'argument': conversion from 'float' to 'int', possible loss of data
C:\workspaces\GitHub repos\FindetKevin_OpenGl\findetKevin\SDL2_Spiel\CEnemy.cpp(139,49): warning C4244: 'argument': conversion from 'float' to 'int', possible loss of data
  CEntity.cpp
C:\workspaces\GitHub repos\FindetKevin_OpenGl\findetKevin\SDL2_Spiel\Projectile.h(39,1): warning C4244: '+=': conversion from 'const float' to 'int', possible loss of data
C:\workspaces\GitHub repos\FindetKevin_OpenGl\findetKevin\SDL2_Spiel\Projectile.h(40,1): warning C4244: '-=': conversion from 'const float' to 'int', possible loss of data
C:\workspaces\GitHub repos\FindetKevin_OpenGl\findetKevin\SDL2_Spiel\CEntity.cpp(128,11): warning C4244: 'initializing': conversion from 'double' to 'int', possible loss of data
C:\workspaces\GitHub repos\FindetKevin_OpenGl\findetKevin\SDL2_Spiel\CEntity.cpp(129,11): warning C4244: 'initializing': conversion from 'double' to 'int', possible loss of data
  CGamemaster.cpp
C:\workspaces\GitHub repos\FindetKevin_OpenGl\findetKevin\SDL2_Spiel\Projectile.h(39,1): warning C4244: '+=': conversion from 'const float' to 'int', possible loss of data
C:\workspaces\GitHub repos\FindetKevin_OpenGl\findetKevin\SDL2_Spiel\Projectile.h(40,1): warning C4244: '-=': conversion from 'const float' to 'int', possible loss of data
C:\workspaces\GitHub repos\FindetKevin_OpenGl\findetKevin\SDL2_Spiel\CGamemaster.cpp(136,40): warning C4244: 'argument': conversion from 'double' to 'Uint32', possible loss of data
C:\workspaces\GitHub repos\FindetKevin_OpenGl\findetKevin\SDL2_Spiel\CGamemaster.cpp(145,80): warning C4244: 'argument': conversion from 'double' to 'int', possible loss of data
C:\workspaces\GitHub repos\FindetKevin_OpenGl\findetKevin\SDL2_Spiel\CGamemaster.cpp(145,52): warning C4244: 'argument': conversion from 'double' to 'int', possible loss of data
C:\workspaces\GitHub repos\FindetKevin_OpenGl\findetKevin\SDL2_Spiel\CGamemaster.cpp(385,14): warning C4101: 'tempTextureSize': unreferenced local variable
C:\workspaces\GitHub repos\FindetKevin_OpenGl\findetKevin\SDL2_Spiel\CGamemaster.cpp(955,14): warning C4101: 'tempTextureSize': unreferenced local variable
C:\workspaces\GitHub repos\FindetKevin_OpenGl\findetKevin\SDL2_Spiel\CGamemaster.cpp(1221,14): warning C4101: 'tempTextureSize': unreferenced local variable
C:\workspaces\GitHub repos\FindetKevin_OpenGl\findetKevin\SDL2_Spiel\CGamemaster.cpp(1449,44): warning C4838: conversion from 'double' to 'int' requires a narrowing conversion
C:\workspaces\GitHub repos\FindetKevin_OpenGl\findetKevin\SDL2_Spiel\CGamemaster.cpp(1449,44): warning C4244: 'initializing': conversion from 'double' to 'int', possible loss of data
C:\workspaces\GitHub repos\FindetKevin_OpenGl\findetKevin\SDL2_Spiel\CGamemaster.cpp(1629,44): warning C4838: conversion from 'double' to 'int' requires a narrowing conversion
C:\workspaces\GitHub repos\FindetKevin_OpenGl\findetKevin\SDL2_Spiel\CGamemaster.cpp(1629,44): warning C4244: 'initializing': conversion from 'double' to 'int', possible loss of data
  CJohn.cpp
C:\workspaces\GitHub repos\FindetKevin_OpenGl\findetKevin\SDL2_Spiel\Projectile.h(39,1): warning C4244: '+=': conversion from 'const float' to 'int', possible loss of data
C:\workspaces\GitHub repos\FindetKevin_OpenGl\findetKevin\SDL2_Spiel\Projectile.h(40,1): warning C4244: '-=': conversion from 'const float' to 'int', possible loss of data
  CKevin.cpp
C:\workspaces\GitHub repos\FindetKevin_OpenGl\findetKevin\SDL2_Spiel\Projectile.h(39,1): warning C4244: '+=': conversion from 'const float' to 'int', possible loss of data
C:\workspaces\GitHub repos\FindetKevin_OpenGl\findetKevin\SDL2_Spiel\Projectile.h(40,1): warning C4244: '-=': conversion from 'const float' to 'int', possible loss of data
  CMap.cpp
  CMapEntity.cpp
  CNPC.cpp
C:\workspaces\GitHub repos\FindetKevin_OpenGl\findetKevin\SDL2_Spiel\Projectile.h(39,1): warning C4244: '+=': conversion from 'const float' to 'int', possible loss of data
C:\workspaces\GitHub repos\FindetKevin_OpenGl\findetKevin\SDL2_Spiel\Projectile.h(40,1): warning C4244: '-=': conversion from 'const float' to 'int', possible loss of data
  Collider.cpp
C:\workspaces\GitHub repos\FindetKevin_OpenGl\findetKevin\SDL2_Spiel\Collider.cpp(53,23): warning C4244: '=': conversion from 'float' to 'int', possible loss of data
C:\workspaces\GitHub repos\FindetKevin_OpenGl\findetKevin\SDL2_Spiel\Collider.cpp(54,33): warning C4244: 'argument': conversion from 'float' to 'int', possible loss of data
  CPlayer.cpp
C:\workspaces\GitHub repos\FindetKevin_OpenGl\findetKevin\SDL2_Spiel\CPlayer.cpp(2,10): warning C4067: unexpected tokens following preprocessor directive - expected a newline
C:\workspaces\GitHub repos\FindetKevin_OpenGl\findetKevin\SDL2_Spiel\Projectile.h(39,1): warning C4244: '+=': conversion from 'const float' to 'int', possible loss of data
C:\workspaces\GitHub repos\FindetKevin_OpenGl\findetKevin\SDL2_Spiel\Projectile.h(40,1): warning C4244: '-=': conversion from 'const float' to 'int', possible loss of data
  CQuestTrigger.cpp
C:\workspaces\GitHub repos\FindetKevin_OpenGl\findetKevin\SDL2_Spiel\Projectile.h(39,1): warning C4244: '+=': conversion from 'const float' to 'int', possible loss of data
C:\workspaces\GitHub repos\FindetKevin_OpenGl\findetKevin\SDL2_Spiel\Projectile.h(40,1): warning C4244: '-=': conversion from 'const float' to 'int', possible loss of data
  CSavefile.cpp
C:\workspaces\GitHub repos\FindetKevin_OpenGl\findetKevin\SDL2_Spiel\CSavefile.cpp(52,21): warning C4244: '=': conversion from 'double' to 'unsigned long', possible loss of data
C:\workspaces\GitHub repos\FindetKevin_OpenGl\findetKevin\SDL2_Spiel\CSavefile.cpp(66,11): warning C4101: 'tempSaveFile': unreferenced local variable
  IKGameLogic.cpp
C:\workspaces\GitHub repos\FindetKevin_OpenGl\findetKevin\SDL2_Spiel\IKGameLogic.cpp(140,40): warning C4244: 'argument': conversion from 'double' to 'Uint32', possible loss of data
  IKMap.cpp
  IKPlayer.cpp
C:\workspaces\GitHub repos\FindetKevin_OpenGl\findetKevin\SDL2_Spiel\IKPlayer.cpp(121,28): warning C4244: '=': conversion from 'float' to 'int', possible loss of data
C:\workspaces\GitHub repos\FindetKevin_OpenGl\findetKevin\SDL2_Spiel\IKPlayer.cpp(122,38): warning C4244: 'argument': conversion from 'float' to 'int', possible loss of data
  IKRenderLayer.cpp
C:\workspaces\GitHub repos\FindetKevin_OpenGl\findetKevin\SDL2_Spiel\IKRenderLayer.cpp(33,39): warning C4244: '=': conversion from 'float' to 'int', possible loss of data
C:\workspaces\GitHub repos\FindetKevin_OpenGl\findetKevin\SDL2_Spiel\IKRenderLayer.cpp(40,74): warning C4244: '=': conversion from 'float' to 'int', possible loss of data
C:\workspaces\GitHub repos\FindetKevin_OpenGl\findetKevin\SDL2_Spiel\IKRenderLayer.cpp(58,26): warning C4244: 'argument': conversion from 'double' to 'float', possible loss of data
  IKVirus.cpp
C:\workspaces\GitHub repos\FindetKevin_OpenGl\findetKevin\SDL2_Spiel\IKVirus.cpp(49,116): warning C4244: '=': conversion from 'float' to 'int', possible loss of data
  Projectile.cpp
C:\workspaces\GitHub repos\FindetKevin_OpenGl\findetKevin\SDL2_Spiel\Projectile.h(39,1): warning C4244: '+=': conversion from 'const float' to 'int', possible loss of data
C:\workspaces\GitHub repos\FindetKevin_OpenGl\findetKevin\SDL2_Spiel\Projectile.h(40,1): warning C4244: '-=': conversion from 'const float' to 'int', possible loss of data
C:\workspaces\GitHub repos\FindetKevin_OpenGl\findetKevin\SDL2_Spiel\Projectile.cpp(26,21): warning C4244: '=': conversion from 'int' to 'float', possible loss of data
C:\workspaces\GitHub repos\FindetKevin_OpenGl\findetKevin\SDL2_Spiel\Projectile.cpp(27,21): warning C4244: '=': conversion from 'int' to 'float', possible loss of data
C:\workspaces\GitHub repos\FindetKevin_OpenGl\findetKevin\SDL2_Spiel\Projectile.cpp(41,40): warning C4244: '=': conversion from 'float' to 'int', possible loss of data
C:\workspaces\GitHub repos\FindetKevin_OpenGl\findetKevin\SDL2_Spiel\Projectile.cpp(45,40): warning C4244: '=': conversion from 'float' to 'int', possible loss of data
C:\workspaces\GitHub repos\FindetKevin_OpenGl\findetKevin\SDL2_Spiel\Projectile.cpp(49,46): warning C4244: '=': conversion from 'float' to 'int', possible loss of data
C:\workspaces\GitHub repos\FindetKevin_OpenGl\findetKevin\SDL2_Spiel\Projectile.cpp(53,40): warning C4244: '=': conversion from 'float' to 'int', possible loss of data
C:\workspaces\GitHub repos\FindetKevin_OpenGl\findetKevin\SDL2_Spiel\Projectile.cpp(71,76): warning C4244: 'argument': conversion from 'double' to 'int', possible loss of data
C:\workspaces\GitHub repos\FindetKevin_OpenGl\findetKevin\SDL2_Spiel\Projectile.cpp(71,41): warning C4244: 'argument': conversion from 'double' to 'int', possible loss of data
  Compiling...
  Quelle.cpp
C:\workspaces\GitHub repos\FindetKevin_OpenGl\findetKevin\SDL2_Spiel\Projectile.h(39,1): warning C4244: '+=': conversion from 'const float' to 'int', possible loss of data
C:\workspaces\GitHub repos\FindetKevin_OpenGl\findetKevin\SDL2_Spiel\Projectile.h(40,1): warning C4244: '-=': conversion from 'const float' to 'int', possible loss of data
  Generating code
  Previous IPDB not found, fall back to full compilation.
  All 881 functions were compiled because no usable IPDB/IOBJ from previous compilation was found.
  Finished generating code
  SDL2_Spiel.vcxproj -> C:\workspaces\GitHub repos\FindetKevin_OpenGl\findetKevin\x64\Release\SDL2_Spiel.exe
